---------- Date: 2015-05-03 05:32:57 ~ IP : ::1 ----------
REQUEST URI : /designer/opencart/admin/index.php?route=module/tshirtecommerce&token=20796c22a4f9799d418f6ef29f825787
MOD DETAILS:
   modFile   : E:\xampp\htdocs\designer\opencart\vqmod/xml/tshirtecommerce.xml
   id        : tshirtecommerce
   version   : 1.1.0
   vqmver    : 2.3.2
   author    : Tshirtecommerce Team

File Name    : system/library/cart.php(0)
Operation <search> tag missing

File Name    : system/library/cart.php(0)
Operation <add> tag missing
----------------------------------------------------------------------


---------- Date: 2015-05-03 05:33:41 ~ IP : ::1 ----------
REQUEST URI : /designer/opencart/admin/index.php?route=module/tshirtecommerce&token=022f78d077ca56ee81d1e0deb70f7394
MOD DETAILS:
   modFile   : E:\xampp\htdocs\designer\opencart\vqmod/xml/tshirtecommerce.xml
   id        : tshirtecommerce
   version   : 1.1.0
   vqmver    : 2.3.2
   author    : Tshirtecommerce Team

File Name    : system/library/cart.php(0)
Operation <search> tag missing

File Name    : system/library/cart.php(0)
Operation <add> tag missing
----------------------------------------------------------------------


